<?xml version="1.0" encoding="UTF-8"?>
<!-- Generated by org.testng.reporters.JUnitXMLReporter -->
<testsuite ignored="0" hostname="LAPTOP-IO7O6G3K" failures="1" tests="3" name="SeperateTest" time="0.008" errors="0" timestamp="2022-06-01T20:13:24 IST">
  <testcase classname="Test.ZerodhaHomeTest" name="GoToHomePageTest" time="0.001"/>
  <testcase classname="Test.ZerodhaHomeTest" name="HomePageTest" time="0.001"/>
  <testcase classname="Test.ZerodhaHomeTest" name="add" time="0.0">
    <failure type="org.testng.TestNGException" message="
Parameter &amp;apos;a&amp;apos; is required by @Test on method add but has not been marked @Optional or defined
in C:\Users\91877\OneDrive\Documents\Evening batch\TestAutomation27\testng.xml">
      <![CDATA[org.testng.TestNGException: 
Parameter 'a' is required by @Test on method add but has not been marked @Optional or defined
in C:\Users\91877\OneDrive\Documents\Evening batch\TestAutomation27\testng.xml
at java.base/java.util.ArrayList.forEach(ArrayList.java:1511)
... Removed 26 stack frames]]>
    </failure>
  </testcase> <!-- add -->
</testsuite> <!-- SeperateTest -->
